Build started 11/15/2015 6:46:14 PM.
     1>Project "D:\Workspace\Github\Group7\ProjectG3\ProjectG3.vcxproj" on node 2 (Build target(s)).
     1>ClCompile:
         C:\Program Files (x86)\Microsoft Visual Studio 12.0\VC\bin\CL.exe /c /ZI /nologo /W3 /WX- /Od /Oy- /D WIN32 /D _DEBUG /D _WINDOWS /D _UNICODE /D UNICODE /Gm /EHsc /RTC1 /MDd /GS /fp:precise /Zc:wchar_t /Zc:forScope /Yu"stdafx.h" /Fp"Debug\ProjectG3.pch" /Fo"Debug\\" /Fd"Debug\vc120.pdb" /Gd /TP /analyze- /errorReport:prompt AppController.cpp ProjectG3.cpp
         AppController.cpp
     1>c:\program files (x86)\windows kits\8.1\include\um\sphelper.h(1319): warning C4996: 'GetVersionExW': was declared deprecated
                 c:\program files (x86)\windows kits\8.1\include\um\sysinfoapi.h(442) : see declaration of 'GetVersionExW'
     1>d:\workspace\github\group7\projectg3\appcontroller.cpp(56): warning C4996: 'fopen': This function or variable may be unsafe. Consider using fopen_s instead. To disable deprecation, use _CRT_SECURE_NO_WARNINGS. See online help for details.
                 c:\program files (x86)\microsoft visual studio 12.0\vc\include\stdio.h(211) : see declaration of 'fopen'
     1>d:\workspace\github\group7\projectg3\appcontroller.cpp(63): warning C4996: 'fscanf': This function or variable may be unsafe. Consider using fscanf_s instead. To disable deprecation, use _CRT_SECURE_NO_WARNINGS. See online help for details.
                 c:\program files (x86)\microsoft visual studio 12.0\vc\include\stdio.h(230) : see declaration of 'fscanf'
     1>d:\workspace\github\group7\projectg3\appcontroller.cpp(69): warning C4996: 'fopen': This function or variable may be unsafe. Consider using fopen_s instead. To disable deprecation, use _CRT_SECURE_NO_WARNINGS. See online help for details.
                 c:\program files (x86)\microsoft visual studio 12.0\vc\include\stdio.h(211) : see declaration of 'fopen'
         Generating Code...
         Compiling...
         ProjectG3.cpp
     1>c:\program files (x86)\windows kits\8.1\include\um\sphelper.h(1319): warning C4996: 'GetVersionExW': was declared deprecated
                 c:\program files (x86)\windows kits\8.1\include\um\sysinfoapi.h(442) : see declaration of 'GetVersionExW'
         Generating Code...
       Link:
         C:\Program Files (x86)\Microsoft Visual Studio 12.0\VC\bin\link.exe /ERRORREPORT:PROMPT /OUT:"D:\Workspace\Github\Group7\Debug\ProjectG3.exe" /INCREMENTAL /NOLOGO kernel32.lib user32.lib gdi32.lib winspool.lib comdlg32.lib advapi32.lib shell32.lib ole32.lib oleaut32.lib uuid.lib odbc32.lib odbccp32.lib /MANIFEST /MANIFESTUAC:"level='asInvoker' uiAccess='false'" /manifest:embed /DEBUG /PDB:"D:\Workspace\Github\Group7\Debug\ProjectG3.pdb" /SUBSYSTEM:WINDOWS /TLBID:1 /DYNAMICBASE /NXCOMPAT /IMPLIB:"D:\Workspace\Github\Group7\Debug\ProjectG3.lib" /MACHINE:X86 Debug\ProjectG3.res
         Debug\AppController.obj
         Debug\ProjectG3.obj
         Debug\stdafx.obj
         Debug\TTSLib.obj
         SAPI\sapi.lib
         LINK : D:\Workspace\Github\Group7\Debug\ProjectG3.exe not found or not built by the last incremental link; performing full link
         ProjectG3.vcxproj -> D:\Workspace\Github\Group7\Debug\ProjectG3.exe
     1>Done Building Project "D:\Workspace\Github\Group7\ProjectG3\ProjectG3.vcxproj" (Build target(s)).

Build succeeded.

Time Elapsed 00:00:04.34
