d:\workspace\github\group7\projectg3dll\debug\projectg3dll.pch
d:\workspace\github\group7\projectg3dll\debug\vc120.pdb
d:\workspace\github\group7\projectg3dll\debug\vc120.idb
d:\workspace\github\group7\projectg3dll\debug\stdafx.obj
d:\workspace\github\group7\projectg3dll\debug\dllmain.obj
d:\workspace\github\group7\projectg3dll\debug\projectg3dll.obj
d:\workspace\github\group7\debug\projectg3dll.lib
d:\workspace\github\group7\debug\projectg3dll.exp
d:\workspace\github\group7\debug\projectg3dll.pdb
d:\workspace\github\group7\projectg3dll\debug\projectg3dll.tlog\cl.command.1.tlog
d:\workspace\github\group7\projectg3dll\debug\projectg3dll.tlog\cl.read.1.tlog
d:\workspace\github\group7\projectg3dll\debug\projectg3dll.tlog\cl.write.1.tlog
d:\workspace\github\group7\projectg3dll\debug\projectg3dll.tlog\link-cvtres.read.1.tlog
d:\workspace\github\group7\projectg3dll\debug\projectg3dll.tlog\link-cvtres.write.1.tlog
d:\workspace\github\group7\projectg3dll\debug\projectg3dll.tlog\link-rc.read.1.tlog
d:\workspace\github\group7\projectg3dll\debug\projectg3dll.tlog\link-rc.write.1.tlog
d:\workspace\github\group7\projectg3dll\debug\projectg3dll.tlog\link.8004-cvtres.read.1.tlog
d:\workspace\github\group7\projectg3dll\debug\projectg3dll.tlog\link.8004-cvtres.write.1.tlog
d:\workspace\github\group7\projectg3dll\debug\projectg3dll.tlog\link.8004-rc.read.1.tlog
d:\workspace\github\group7\projectg3dll\debug\projectg3dll.tlog\link.8004-rc.write.1.tlog
d:\workspace\github\group7\projectg3dll\debug\projectg3dll.tlog\link.8004.read.1.tlog
d:\workspace\github\group7\projectg3dll\debug\projectg3dll.tlog\link.8004.write.1.tlog
d:\workspace\github\group7\projectg3dll\debug\projectg3dll.tlog\link.command.1.tlog
d:\workspace\github\group7\projectg3dll\debug\projectg3dll.tlog\link.read.1.tlog
d:\workspace\github\group7\projectg3dll\debug\projectg3dll.tlog\link.write.1.tlog
d:\workspace\github\group7\projectg3dll\debug\projectg3dll.tlog\projectg3dll.write.1u.tlog
